ExeStack: string f
f = f2.in
bool a
int x
int y
int v
openRFile(f)
readFile (f, x)
readFile (f, y)
readFile (f, v)
if (x + y == v) then (a = true) else (a = false)
print (a)
if (a) then (v = v - 1) else (v = v + 1)
print (v)
closeFile (f) 
SymTable: 
Out: 
FileTable: 


ExeStack: f = f2.in
bool a
int x
int y
int v
openRFile(f)
readFile (f, x)
readFile (f, y)
readFile (f, v)
if (x + y == v) then (a = true) else (a = false)
print (a)
if (a) then (v = v - 1) else (v = v + 1)
print (v)
closeFile (f) string f 
SymTable: 
Out: 
FileTable: 


ExeStack: f = f2.in
bool a
int x
int y
int v
openRFile(f)
readFile (f, x)
readFile (f, y)
readFile (f, v)
if (x + y == v) then (a = true) else (a = false)
print (a)
if (a) then (v = v - 1) else (v = v + 1)
print (v)
closeFile (f) 
SymTable: f -> 

Out: 
FileTable: 


ExeStack: bool a
int x
int y
int v
openRFile(f)
readFile (f, x)
readFile (f, y)
readFile (f, v)
if (x + y == v) then (a = true) else (a = false)
print (a)
if (a) then (v = v - 1) else (v = v + 1)
print (v)
closeFile (f) f = f2.in 
SymTable: f -> 

Out: 
FileTable: 


ExeStack: bool a
int x
int y
int v
openRFile(f)
readFile (f, x)
readFile (f, y)
readFile (f, v)
if (x + y == v) then (a = true) else (a = false)
print (a)
if (a) then (v = v - 1) else (v = v + 1)
print (v)
closeFile (f) 
SymTable: f -> f2.in

Out: 
FileTable: 


ExeStack: int x
int y
int v
openRFile(f)
readFile (f, x)
readFile (f, y)
readFile (f, v)
if (x + y == v) then (a = true) else (a = false)
print (a)
if (a) then (v = v - 1) else (v = v + 1)
print (v)
closeFile (f) bool a 
SymTable: f -> f2.in

Out: 
FileTable: 


ExeStack: int x
int y
int v
openRFile(f)
readFile (f, x)
readFile (f, y)
readFile (f, v)
if (x + y == v) then (a = true) else (a = false)
print (a)
if (a) then (v = v - 1) else (v = v + 1)
print (v)
closeFile (f) 
SymTable: a -> false
f -> f2.in

Out: 
FileTable: 


ExeStack: int y
int v
openRFile(f)
readFile (f, x)
readFile (f, y)
readFile (f, v)
if (x + y == v) then (a = true) else (a = false)
print (a)
if (a) then (v = v - 1) else (v = v + 1)
print (v)
closeFile (f) int x 
SymTable: a -> false
f -> f2.in

Out: 
FileTable: 


ExeStack: int y
int v
openRFile(f)
readFile (f, x)
readFile (f, y)
readFile (f, v)
if (x + y == v) then (a = true) else (a = false)
print (a)
if (a) then (v = v - 1) else (v = v + 1)
print (v)
closeFile (f) 
SymTable: a -> false
f -> f2.in
x -> 0

Out: 
FileTable: 


ExeStack: int v
openRFile(f)
readFile (f, x)
readFile (f, y)
readFile (f, v)
if (x + y == v) then (a = true) else (a = false)
print (a)
if (a) then (v = v - 1) else (v = v + 1)
print (v)
closeFile (f) int y 
SymTable: a -> false
f -> f2.in
x -> 0

Out: 
FileTable: 


ExeStack: int v
openRFile(f)
readFile (f, x)
readFile (f, y)
readFile (f, v)
if (x + y == v) then (a = true) else (a = false)
print (a)
if (a) then (v = v - 1) else (v = v + 1)
print (v)
closeFile (f) 
SymTable: a -> false
f -> f2.in
x -> 0
y -> 0

Out: 
FileTable: 


ExeStack: openRFile(f)
readFile (f, x)
readFile (f, y)
readFile (f, v)
if (x + y == v) then (a = true) else (a = false)
print (a)
if (a) then (v = v - 1) else (v = v + 1)
print (v)
closeFile (f) int v 
SymTable: a -> false
f -> f2.in
x -> 0
y -> 0

Out: 
FileTable: 


ExeStack: openRFile(f)
readFile (f, x)
readFile (f, y)
readFile (f, v)
if (x + y == v) then (a = true) else (a = false)
print (a)
if (a) then (v = v - 1) else (v = v + 1)
print (v)
closeFile (f) 
SymTable: a -> false
f -> f2.in
v -> 0
x -> 0
y -> 0

Out: 
FileTable: 


ExeStack: readFile (f, x)
readFile (f, y)
readFile (f, v)
if (x + y == v) then (a = true) else (a = false)
print (a)
if (a) then (v = v - 1) else (v = v + 1)
print (v)
closeFile (f) openRFile(f) 
SymTable: a -> false
f -> f2.in
v -> 0
x -> 0
y -> 0

Out: 
FileTable: 


ExeStack: readFile (f, x)
readFile (f, y)
readFile (f, v)
if (x + y == v) then (a = true) else (a = false)
print (a)
if (a) then (v = v - 1) else (v = v + 1)
print (v)
closeFile (f) 
SymTable: a -> false
f -> f2.in
v -> 0
x -> 0
y -> 0

Out: 
FileTable: 
f2.in


ExeStack: readFile (f, y)
readFile (f, v)
if (x + y == v) then (a = true) else (a = false)
print (a)
if (a) then (v = v - 1) else (v = v + 1)
print (v)
closeFile (f) readFile (f, x) 
SymTable: a -> false
f -> f2.in
v -> 0
x -> 0
y -> 0

Out: 
FileTable: 
f2.in


ExeStack: readFile (f, y)
readFile (f, v)
if (x + y == v) then (a = true) else (a = false)
print (a)
if (a) then (v = v - 1) else (v = v + 1)
print (v)
closeFile (f) 
SymTable: a -> false
f -> f2.in
v -> 0
x -> 3
y -> 0

Out: 
FileTable: 
f2.in


ExeStack: readFile (f, v)
if (x + y == v) then (a = true) else (a = false)
print (a)
if (a) then (v = v - 1) else (v = v + 1)
print (v)
closeFile (f) readFile (f, y) 
SymTable: a -> false
f -> f2.in
v -> 0
x -> 3
y -> 0

Out: 
FileTable: 
f2.in


ExeStack: readFile (f, v)
if (x + y == v) then (a = true) else (a = false)
print (a)
if (a) then (v = v - 1) else (v = v + 1)
print (v)
closeFile (f) 
SymTable: a -> false
f -> f2.in
v -> 0
x -> 3
y -> 4

Out: 
FileTable: 
f2.in


ExeStack: if (x + y == v) then (a = true) else (a = false)
print (a)
if (a) then (v = v - 1) else (v = v + 1)
print (v)
closeFile (f) readFile (f, v) 
SymTable: a -> false
f -> f2.in
v -> 0
x -> 3
y -> 4

Out: 
FileTable: 
f2.in


ExeStack: if (x + y == v) then (a = true) else (a = false)
print (a)
if (a) then (v = v - 1) else (v = v + 1)
print (v)
closeFile (f) 
SymTable: a -> false
f -> f2.in
v -> 7
x -> 3
y -> 4

Out: 
FileTable: 
f2.in


ExeStack: print (a)
if (a) then (v = v - 1) else (v = v + 1)
print (v)
closeFile (f) if (x + y == v) then (a = true) else (a = false) 
SymTable: a -> false
f -> f2.in
v -> 7
x -> 3
y -> 4

Out: 
FileTable: 
f2.in


ExeStack: print (a)
if (a) then (v = v - 1) else (v = v + 1)
print (v)
closeFile (f) a = true 
SymTable: a -> false
f -> f2.in
v -> 7
x -> 3
y -> 4

Out: 
FileTable: 
f2.in


ExeStack: print (a)
if (a) then (v = v - 1) else (v = v + 1)
print (v)
closeFile (f) 
SymTable: a -> true
f -> f2.in
v -> 7
x -> 3
y -> 4

Out: 
FileTable: 
f2.in


ExeStack: if (a) then (v = v - 1) else (v = v + 1)
print (v)
closeFile (f) print (a) 
SymTable: a -> true
f -> f2.in
v -> 7
x -> 3
y -> 4

Out: 
FileTable: 
f2.in


ExeStack: if (a) then (v = v - 1) else (v = v + 1)
print (v)
closeFile (f) 
SymTable: a -> true
f -> f2.in
v -> 7
x -> 3
y -> 4

Out: true 
FileTable: 
f2.in


ExeStack: print (v)
closeFile (f) if (a) then (v = v - 1) else (v = v + 1) 
SymTable: a -> true
f -> f2.in
v -> 7
x -> 3
y -> 4

Out: true 
FileTable: 
f2.in


ExeStack: print (v)
closeFile (f) v = v - 1 
SymTable: a -> true
f -> f2.in
v -> 7
x -> 3
y -> 4

Out: true 
FileTable: 
f2.in


ExeStack: print (v)
closeFile (f) 
SymTable: a -> true
f -> f2.in
v -> 6
x -> 3
y -> 4

Out: true 
FileTable: 
f2.in


ExeStack: closeFile (f) print (v) 
SymTable: a -> true
f -> f2.in
v -> 6
x -> 3
y -> 4

Out: true 
FileTable: 
f2.in


ExeStack: closeFile (f) 
SymTable: a -> true
f -> f2.in
v -> 6
x -> 3
y -> 4

Out: true 6 
FileTable: 
f2.in


ExeStack: 
SymTable: a -> true
f -> f2.in
v -> 6
x -> 3
y -> 4

Out: true 6 
FileTable: 


ExeStack:
string f
f = f1.in
openRFile(f)
int a
readFile(f, a)
if (a > 0) then (print(a)) else (print(Value is not positive))
closeFile(f) 
SymTable:

Out:

FileTable:

ExeStack:
f = f1.in
openRFile(f)
int a
readFile(f, a)
if (a > 0) then (print(a)) else (print(Value is not positive))
closeFile(f) string f 
SymTable:

Out:

FileTable:

ExeStack:
f = f1.in
openRFile(f)
int a
readFile(f, a)
if (a > 0) then (print(a)) else (print(Value is not positive))
closeFile(f) 
SymTable:
f -> 

Out:

FileTable:

ExeStack:
openRFile(f)
int a
readFile(f, a)
if (a > 0) then (print(a)) else (print(Value is not positive))
closeFile(f) f = f1.in 
SymTable:
f -> 

Out:

FileTable:

ExeStack:
openRFile(f)
int a
readFile(f, a)
if (a > 0) then (print(a)) else (print(Value is not positive))
closeFile(f) 
SymTable:
f -> f1.in

Out:

FileTable:

ExeStack:
int a
readFile(f, a)
if (a > 0) then (print(a)) else (print(Value is not positive))
closeFile(f) openRFile(f) 
SymTable:
f -> f1.in

Out:

FileTable:

ExeStack:
int a
readFile(f, a)
if (a > 0) then (print(a)) else (print(Value is not positive))
closeFile(f) 
SymTable:
f -> f1.in

Out:

FileTable:
f1.in

ExeStack:
readFile(f, a)
if (a > 0) then (print(a)) else (print(Value is not positive))
closeFile(f) int a 
SymTable:
f -> f1.in

Out:

FileTable:
f1.in

ExeStack:
readFile(f, a)
if (a > 0) then (print(a)) else (print(Value is not positive))
closeFile(f) 
SymTable:
a -> 0
f -> f1.in

Out:

FileTable:
f1.in

ExeStack:
if (a > 0) then (print(a)) else (print(Value is not positive))
closeFile(f) readFile(f, a) 
SymTable:
a -> 0
f -> f1.in

Out:

FileTable:
f1.in

ExeStack:
if (a > 0) then (print(a)) else (print(Value is not positive))
closeFile(f) 
SymTable:
a -> 5
f -> f1.in

Out:

FileTable:
f1.in

ExeStack:
closeFile(f) if (a > 0) then (print(a)) else (print(Value is not positive)) 
SymTable:
a -> 5
f -> f1.in

Out:

FileTable:
f1.in

ExeStack:
closeFile(f) print(a) 
SymTable:
a -> 5
f -> f1.in

Out:

FileTable:
f1.in

ExeStack:
closeFile(f) 
SymTable:
a -> 5
f -> f1.in

Out:
5 
FileTable:
f1.in

ExeStack:

SymTable:
a -> 5
f -> f1.in

Out:
5 
FileTable:

ExeStack:
string f
f = f1.in
openRFile(f)
int a
readFile(f, a)
if (a > 0) then (print(a)) else (print(Value is not positive))
closeFile(f) ; 

SymTable:

Out:


FileTable:

ExeStack:
f = f1.in
openRFile(f)
int a
readFile(f, a)
if (a > 0) then (print(a)) else (print(Value is not positive))
closeFile(f) ; string f ; 

SymTable:

Out:


FileTable:

ExeStack:
f = f1.in
openRFile(f)
int a
readFile(f, a)
if (a > 0) then (print(a)) else (print(Value is not positive))
closeFile(f) ; 

SymTable:
f -> 

Out:


FileTable:

ExeStack:
openRFile(f)
int a
readFile(f, a)
if (a > 0) then (print(a)) else (print(Value is not positive))
closeFile(f) ; f = f1.in ; 

SymTable:
f -> 

Out:


FileTable:

ExeStack:
openRFile(f)
int a
readFile(f, a)
if (a > 0) then (print(a)) else (print(Value is not positive))
closeFile(f) ; 

SymTable:
f -> f1.in

Out:


FileTable:

ExeStack:
int a
readFile(f, a)
if (a > 0) then (print(a)) else (print(Value is not positive))
closeFile(f) ; openRFile(f) ; 

SymTable:
f -> f1.in

Out:


FileTable:

ExeStack:
int a
readFile(f, a)
if (a > 0) then (print(a)) else (print(Value is not positive))
closeFile(f) ; 

SymTable:
f -> f1.in

Out:


FileTable:
f1.in

ExeStack:
readFile(f, a)
if (a > 0) then (print(a)) else (print(Value is not positive))
closeFile(f) ; int a ; 

SymTable:
f -> f1.in

Out:


FileTable:
f1.in

ExeStack:
readFile(f, a)
if (a > 0) then (print(a)) else (print(Value is not positive))
closeFile(f) ; 

SymTable:
a -> 0
f -> f1.in

Out:


FileTable:
f1.in

ExeStack:
if (a > 0) then (print(a)) else (print(Value is not positive))
closeFile(f) ; readFile(f, a) ; 

SymTable:
a -> 0
f -> f1.in

Out:


FileTable:
f1.in

ExeStack:
if (a > 0) then (print(a)) else (print(Value is not positive))
closeFile(f) ; 

SymTable:
a -> 5
f -> f1.in

Out:


FileTable:
f1.in

ExeStack:
closeFile(f) ; if (a > 0) then (print(a)) else (print(Value is not positive)) ; 

SymTable:
a -> 5
f -> f1.in

Out:


FileTable:
f1.in

ExeStack:
closeFile(f) ; print(a) ; 

SymTable:
a -> 5
f -> f1.in

Out:


FileTable:
f1.in

ExeStack:
closeFile(f) ; 

SymTable:
a -> 5
f -> f1.in

Out:
5 

FileTable:
f1.in

ExeStack:


SymTable:
a -> 5
f -> f1.in

Out:
5 

FileTable:

